{
  "0 debug pnpm:scope": {
    "selected": 1
  },
  "1 debug pnpm:package-manifest": {
    "initial": {
      "name": "~TODO~",
      "version": "0.0.1",
      "scripts": {
        "dev": "svelte-kit dev",
        "build": "svelte-kit build",
        "preview": "svelte-kit preview",
        "check": "svelte-check --tsconfig ./tsconfig.json",
        "check:watch": "svelte-check --tsconfig ./tsconfig.json --watch",
        "lint": "prettier --check --plugin-search-dir=. . && eslint --ignore-path .gitignore .",
        "format": "prettier --write --plugin-search-dir=. ."
      },
      "devDependencies": {
        "@sveltejs/kit": "next",
        "@typescript-eslint/eslint-plugin": "^4.19.0",
        "@typescript-eslint/parser": "^4.19.0",
        "eslint": "^7.22.0",
        "eslint-config-prettier": "^8.1.0",
        "eslint-plugin-svelte3": "^3.2.0",
        "prettier": "~2.2.1",
        "prettier-plugin-svelte": "^2.2.0",
        "svelte": "^3.34.0",
        "svelte-check": "^2.0.0",
        "svelte-preprocess": "^4.7.1",
        "tslib": "^2.0.0",
        "typescript": "^4.0.0",
        "autoprefixer": "^10.2.5",
        "cssnano": "^5.0.1",
        "postcss": "^8.2.10",
        "postcss-load-config": "^3.0.1"
      },
      "type": "module"
    },
    "prefix": "/Users/fractal/dev/OpenSource/discord/svelte-bulma"
  },
  "2 debug pnpm:context": {
    "currentLockfileExists": false,
    "storeDir": "/Users/fractal/.pnpm-store/v3",
    "virtualStoreDir": "/Users/fractal/dev/OpenSource/discord/svelte-bulma/node_modules/.pnpm"
  },
  "3 debug pnpm:stage": {
    "prefix": "/Users/fractal/dev/OpenSource/discord/svelte-bulma",
    "stage": "resolution_started"
  },
  "4 debug pnpm:_dependency_resolved": {
    "resolution": "registry.npmjs.org/eslint-config-prettier/8.3.0",
    "wanted": {
      "dependentId": ".",
      "name": "eslint-config-prettier",
      "rawSpec": "^8.1.0"
    }
  },
  "5 debug pnpm:progress": {
    "packageId": "registry.npmjs.org/eslint-config-prettier/8.3.0",
    "requester": "/Users/fractal/dev/OpenSource/discord/svelte-bulma",
    "status": "resolved"
  },
  "6 debug pnpm:_dependency_resolved": {
    "resolution": "registry.npmjs.org/tslib/2.2.0",
    "wanted": {
      "dependentId": ".",
      "name": "tslib",
      "rawSpec": "^2.0.0"
    }
  },
  "7 debug pnpm:progress": {
    "packageId": "registry.npmjs.org/tslib/2.2.0",
    "requester": "/Users/fractal/dev/OpenSource/discord/svelte-bulma",
    "status": "resolved"
  },
  "8 debug pnpm:progress": {
    "packageId": "registry.npmjs.org/eslint-config-prettier/8.3.0",
    "requester": "/Users/fractal/dev/OpenSource/discord/svelte-bulma",
    "status": "found_in_store"
  },
  "9 debug pnpm:progress": {
    "packageId": "registry.npmjs.org/tslib/2.2.0",
    "requester": "/Users/fractal/dev/OpenSource/discord/svelte-bulma",
    "status": "found_in_store"
  },
  "10 debug pnpm:_dependency_resolved": {
    "resolution": "registry.npmjs.org/sass/1.34.0",
    "wanted": {
      "dependentId": ".",
      "name": "sass",
      "rawSpec": "latest"
    }
  },
  "11 debug pnpm:progress": {
    "packageId": "registry.npmjs.org/sass/1.34.0",
    "requester": "/Users/fractal/dev/OpenSource/discord/svelte-bulma",
    "status": "resolved"
  },
  "12 debug pnpm:_dependency_resolved": {
    "resolution": "registry.npmjs.org/cssnano/5.0.5",
    "wanted": {
      "dependentId": ".",
      "name": "cssnano",
      "rawSpec": "^5.0.1"
    }
  },
  "13 debug pnpm:progress": {
    "packageId": "registry.npmjs.org/cssnano/5.0.5",
    "requester": "/Users/fractal/dev/OpenSource/discord/svelte-bulma",
    "status": "resolved"
  },
  "14 debug pnpm:_dependency_resolved": {
    "resolution": "registry.npmjs.org/svelte-preprocess/4.7.3",
    "wanted": {
      "dependentId": ".",
      "name": "svelte-preprocess",
      "rawSpec": "^4.7.1"
    }
  },
  "15 debug pnpm:progress": {
    "packageId": "registry.npmjs.org/svelte-preprocess/4.7.3",
    "requester": "/Users/fractal/dev/OpenSource/discord/svelte-bulma",
    "status": "resolved"
  },
  "16 debug pnpm:_dependency_resolved": {
    "resolution": "registry.npmjs.org/postcss-load-config/3.0.1",
    "wanted": {
      "dependentId": ".",
      "name": "postcss-load-config",
      "rawSpec": "^3.0.1"
    }
  },
  "17 debug pnpm:progress": {
    "packageId": "registry.npmjs.org/postcss-load-config/3.0.1",
    "requester": "/Users/fractal/dev/OpenSource/discord/svelte-bulma",
    "status": "resolved"
  },
  "18 debug pnpm:_dependency_resolved": {
    "resolution": "registry.npmjs.org/eslint/7.27.0",
    "wanted": {
      "dependentId": ".",
      "name": "eslint",
      "rawSpec": "^7.22.0"
    }
  },
  "19 debug pnpm:progress": {
    "packageId": "registry.npmjs.org/eslint/7.27.0",
    "requester": "/Users/fractal/dev/OpenSource/discord/svelte-bulma",
    "status": "resolved"
  },
  "20 debug pnpm:progress": {
    "packageId": "registry.npmjs.org/sass/1.34.0",
    "requester": "/Users/fractal/dev/OpenSource/discord/svelte-bulma",
    "status": "found_in_store"
  },
  "21 debug pnpm:_dependency_resolved": {
    "resolution": "registry.npmjs.org/svelte-check/2.0.0",
    "wanted": {
      "dependentId": ".",
      "name": "svelte-check",
      "rawSpec": "^2.0.0"
    }
  },
  "22 debug pnpm:progress": {
    "packageId": "registry.npmjs.org/svelte-check/2.0.0",
    "requester": "/Users/fractal/dev/OpenSource/discord/svelte-bulma",
    "status": "resolved"
  },
  "23 debug pnpm:_dependency_resolved": {
    "resolution": "registry.npmjs.org/postcss/8.3.0",
    "wanted": {
      "dependentId": ".",
      "name": "postcss",
      "rawSpec": "^8.2.10"
    }
  },
  "24 debug pnpm:progress": {
    "packageId": "registry.npmjs.org/postcss/8.3.0",
    "requester": "/Users/fractal/dev/OpenSource/discord/svelte-bulma",
    "status": "resolved"
  },
  "25 debug pnpm:_dependency_resolved": {
    "resolution": "registry.npmjs.org/autoprefixer/10.2.6",
    "wanted": {
      "dependentId": ".",
      "name": "autoprefixer",
      "rawSpec": "^10.2.5"
    }
  },
  "26 debug pnpm:progress": {
    "packageId": "registry.npmjs.org/autoprefixer/10.2.6",
    "requester": "/Users/fractal/dev/OpenSource/discord/svelte-bulma",
    "status": "resolved"
  },
  "27 debug pnpm:fetching-progress": {
    "attempt": 1,
    "packageId": "registry.npmjs.org/cssnano/5.0.5",
    "size": 3282,
    "status": "started"
  },
  "28 debug pnpm:_dependency_resolved": {
    "resolution": "registry.npmjs.org/svelte/3.38.2",
    "wanted": {
      "dependentId": ".",
      "name": "svelte",
      "rawSpec": "^3.34.0"
    }
  },
  "29 debug pnpm:progress": {
    "packageId": "registry.npmjs.org/svelte/3.38.2",
    "requester": "/Users/fractal/dev/OpenSource/discord/svelte-bulma",
    "status": "resolved"
  },
  "30 debug pnpm:progress": {
    "packageId": "registry.npmjs.org/svelte-preprocess/4.7.3",
    "requester": "/Users/fractal/dev/OpenSource/discord/svelte-bulma",
    "status": "found_in_store"
  },
  "31 debug pnpm:progress": {
    "packageId": "registry.npmjs.org/postcss-load-config/3.0.1",
    "requester": "/Users/fractal/dev/OpenSource/discord/svelte-bulma",
    "status": "found_in_store"
  },
  "32 debug pnpm:_dependency_resolved": {
    "resolution": "registry.npmjs.org/@sveltejs/kit/1.0.0-next.111",
    "wanted": {
      "dependentId": ".",
      "name": "@sveltejs/kit",
      "rawSpec": "next"
    }
  },
  "33 warn pnpm:install-check": {
    "message": "Unsupported engine for registry.npmjs.org/@sveltejs/kit/1.0.0-next.111: wanted: {\"node\":\"^12.20 || ^14.13.1 || >= 16\"} (current: {\"node\":\"v15.13.0\",\"pnpm\":\"6.6.2\"})",
    "prefix": "/Users/fractal/dev/OpenSource/discord/svelte-bulma"
  },
  "34 error pnpm": {
    "code": "ERR_PNPM_UNSUPPORTED_ENGINE",
    "packageId": "registry.npmjs.org/@sveltejs/kit/1.0.0-next.111",
    "wanted": {
      "node": "^12.20 || ^14.13.1 || >= 16"
    },
    "current": {
      "node": "v15.13.0",
      "pnpm": "6.6.2"
    },
    "err": {
      "name": "Error",
      "message": "Unsupported engine for registry.npmjs.org/@sveltejs/kit/1.0.0-next.111: wanted: {\"node\":\"^12.20 || ^14.13.1 || >= 16\"} (current: {\"node\":\"v15.13.0\",\"pnpm\":\"6.6.2\"})",
      "code": "ERR_PNPM_UNSUPPORTED_ENGINE",
      "stack": "Error: Unsupported engine for registry.npmjs.org/@sveltejs/kit/1.0.0-next.111: wanted: {\"node\":\"^12.20 || ^14.13.1 || >= 16\"} (current: {\"node\":\"v15.13.0\",\"pnpm\":\"6.6.2\"})\n    at Object.checkEngine [as default] (/usr/local/Cellar/node/15.13.0/pnpm-global/5/node_modules/.pnpm/pnpm@6.6.2/node_modules/pnpm/dist/pnpm.cjs:34593:16)\n    at checkPackage (/usr/local/Cellar/node/15.13.0/pnpm-global/5/node_modules/.pnpm/pnpm@6.6.2/node_modules/pnpm/dist/pnpm.cjs:34737:99)\n    at Object.packageIsInstallable [as default] (/usr/local/Cellar/node/15.13.0/pnpm-global/5/node_modules/.pnpm/pnpm@6.6.2/node_modules/pnpm/dist/pnpm.cjs:34707:20)\n    at resolveDependency (/usr/local/Cellar/node/15.13.0/pnpm-global/5/node_modules/.pnpm/pnpm@6.6.2/node_modules/pnpm/dist/pnpm.cjs:110891:81)\n    at processTicksAndRejections (node:internal/process/task_queues:94:5)\n    at async resolveDependenciesOfDependency (/usr/local/Cellar/node/15.13.0/pnpm-global/5/node_modules/.pnpm/pnpm@6.6.2/node_modules/pnpm/dist/pnpm.cjs:110615:39)\n    at async Promise.all (index 1)\n    at async Object.resolveDependencies [as default] (/usr/local/Cellar/node/15.13.0/pnpm-global/5/node_modules/.pnpm/pnpm@6.6.2/node_modules/pnpm/dist/pnpm.cjs:110585:29)\n    at async /usr/local/Cellar/node/15.13.0/pnpm-global/5/node_modules/.pnpm/pnpm@6.6.2/node_modules/pnpm/dist/pnpm.cjs:111113:47\n    at async Promise.all (index 0)"
    }
  },
  "35 debug pnpm:fetching-progress": {
    "attempt": 1,
    "packageId": "registry.npmjs.org/svelte-check/2.0.0",
    "size": 626834,
    "status": "started"
  }
}